<?xml version="1.0" encoding="UTF-8"?>
<!-- Generated by org.testng.reporters.JUnitXMLReporter -->
<testsuite ignored="0" hostname="DESKTOP-Q6AMT1E" failures="0" tests="4" name="Test" time="2.3" errors="0" timestamp="2023-01-24T20:03:40 IST">
  <testcase classname="Com.Ecommerce.BaseClass.Ecommerce_BaseClass" name="@BeforeMethod initialization" time="0.167">
    <failure type="java.lang.IllegalStateException" message="The driver executable must exist: C:\Users\Ramesh\Desktop\30July_Automation_Framework\.\Drivers\chromedriver.exe">
      <![CDATA[java.lang.IllegalStateException: The driver executable must exist: C:\Users\Ramesh\Desktop\30July_Automation_Framework\.\Drivers\chromedriver.exe
at org.openqa.selenium.internal.Require$FileStateChecker.isFile(Require.java:345)
at org.openqa.selenium.remote.service.DriverService.checkExecutable(DriverService.java:161)
at org.openqa.selenium.remote.service.DriverService.findExecutable(DriverService.java:156)
at org.openqa.selenium.chrome.ChromeDriverService.access$000(ChromeDriverService.java:41)
at org.openqa.selenium.chrome.ChromeDriverService$Builder.findDefaultExecutable(ChromeDriverService.java:285)
at org.openqa.selenium.remote.service.DriverService$Builder.build(DriverService.java:456)
at org.openqa.selenium.chrome.ChromeDriverService.createDefaultService(ChromeDriverService.java:146)
at org.openqa.selenium.chrome.ChromeDriver.<init>(ChromeDriver.java:50)
at Com.Ecommerce.BaseClass.Ecommerce_BaseClass.initialization(Ecommerce_BaseClass.java:44)
at java.base/java.util.ArrayList.forEach(ArrayList.java:1511)
... Removed 29 stack frames]]>
    </failure>
  </testcase> <!-- @BeforeMethod initialization -->
  <testcase classname="Com.Ecommerce.BaseClass.Ecommerce_BaseClass" name="@AfterMethod TearDown" time="-1.674570820638E9">
    <skipped/>
  </testcase> <!-- @AfterMethod TearDown -->
  <testcase classname="Com.Ecommerce.BaseClass.Ecommerce_BaseClass" name="@BeforeMethod initialization" time="-1.67457082065E9">
    <skipped/>
  </testcase> <!-- @BeforeMethod initialization -->
  <testcase classname="Com.Ecommerce.BaseClass.Ecommerce_BaseClass" name="@AfterMethod TearDown" time="-1.674570820716E9">
    <skipped/>
  </testcase> <!-- @AfterMethod TearDown -->
  <testcase classname="Com.Ecommerce.BaseClass.Ecommerce_BaseClass" name="@BeforeMethod initialization" time="-1.674570820723E9">
    <skipped/>
  </testcase> <!-- @BeforeMethod initialization -->
  <testcase classname="Com.Ecommerce.BaseClass.Ecommerce_BaseClass" name="@AfterMethod TearDown" time="-1.674570820745E9">
    <skipped/>
  </testcase> <!-- @AfterMethod TearDown -->
  <testcase classname="Com.Ecommerce.BaseClass.Ecommerce_BaseClass" name="@BeforeMethod initialization" time="-1.674570820751E9">
    <skipped/>
  </testcase> <!-- @BeforeMethod initialization -->
  <testcase classname="Com.Ecommerce.BaseClass.Ecommerce_BaseClass" name="@AfterMethod TearDown" time="-1.674570820762E9">
    <skipped/>
  </testcase> <!-- @AfterMethod TearDown -->
  <testcase classname="Com.Ecommerce.TestCases.SampleTC_logindata" name="LoginTestCase" time="0.0">
    <skipped/>
  </testcase> <!-- LoginTestCase -->
  <testcase classname="Com.Ecommerce.TestCases.SampleTC_logindata" name="LoginTestCase" time="0.0">
    <skipped/>
  </testcase> <!-- LoginTestCase -->
  <testcase classname="Com.Ecommerce.TestCases.SampleTC_logindata" name="LoginTestCase" time="0.0">
    <skipped/>
  </testcase> <!-- LoginTestCase -->
  <testcase classname="Com.Ecommerce.TestCases.SampleTC_logindata" name="LoginTestCase" time="0.0">
    <skipped/>
  </testcase> <!-- LoginTestCase -->
</testsuite> <!-- Test -->
